  main.cpp
d:\my_works\ochm\lab4\lab4\lab4\main.cpp(37): warning C4244: аргумент: преобразование "double" в "float", возможна потеря данных
d:\my_works\ochm\lab4\lab4\lab4\main.cpp(37): warning C4244: аргумент: преобразование "int" в "float", возможна потеря данных
d:\my_works\ochm\lab4\lab4\lab4\main.cpp(58): warning C4244: аргумент: преобразование "double" в "float", возможна потеря данных
d:\my_works\ochm\lab4\lab4\lab4\main.cpp(58): warning C4244: аргумент: преобразование "int" в "float", возможна потеря данных
d:\my_works\ochm\lab4\lab4\lab4\main.cpp(66): warning C4244: аргумент: преобразование "int" в "T", возможна потеря данных
          with
          [
              T=float
          ]
d:\my_works\ochm\lab4\lab4\lab4\main.cpp(67): warning C4244: аргумент: преобразование "double" в "T", возможна потеря данных
          with
          [
              T=float
          ]
d:\my_works\ochm\lab4\lab4\lab4\main.cpp(67): warning C4244: аргумент: преобразование "int" в "T", возможна потеря данных
          with
          [
              T=float
          ]
d:\my_works\ochm\lab4\lab4\lab4\main.cpp(74): warning C4244: аргумент: преобразование "double" в "T", возможна потеря данных
          with
          [
              T=float
          ]
d:\my_works\ochm\lab4\lab4\lab4\main.cpp(74): warning C4244: аргумент: преобразование "int" в "T", возможна потеря данных
          with
          [
              T=float
          ]
d:\my_works\ochm\lab4\lab4\lab4\main.cpp(75): warning C4244: аргумент: преобразование "double" в "T", возможна потеря данных
          with
          [
              T=float
          ]
d:\my_works\ochm\lab4\lab4\lab4\main.cpp(75): warning C4244: аргумент: преобразование "int" в "T", возможна потеря данных
          with
          [
              T=float
          ]
d:\my_works\ochm\lab4\lab4\lab4\main.cpp(82): warning C4244: аргумент: преобразование "int" в "T", возможна потеря данных
          with
          [
              T=float
          ]
d:\my_works\ochm\lab4\lab4\lab4\main.cpp(83): warning C4244: аргумент: преобразование "double" в "T", возможна потеря данных
          with
          [
              T=float
          ]
d:\my_works\ochm\lab4\lab4\lab4\main.cpp(83): warning C4244: аргумент: преобразование "int" в "T", возможна потеря данных
          with
          [
              T=float
          ]
d:\my_works\ochm\lab4\lab4\lab4\main.cpp(90): warning C4244: аргумент: преобразование "double" в "T", возможна потеря данных
          with
          [
              T=float
          ]
d:\my_works\ochm\lab4\lab4\lab4\main.cpp(90): warning C4244: аргумент: преобразование "int" в "T", возможна потеря данных
          with
          [
              T=float
          ]
d:\my_works\ochm\lab4\lab4\lab4\main.cpp(91): warning C4244: аргумент: преобразование "double" в "T", возможна потеря данных
          with
          [
              T=float
          ]
d:\my_works\ochm\lab4\lab4\lab4\main.cpp(91): warning C4244: аргумент: преобразование "int" в "T", возможна потеря данных
          with
          [
              T=float
          ]
d:\my_works\ochm\lab4\lab4\lab4\main.cpp(98): warning C4244: аргумент: преобразование "int" в "T", возможна потеря данных
          with
          [
              T=float
          ]
d:\my_works\ochm\lab4\lab4\lab4\main.cpp(99): warning C4244: аргумент: преобразование "double" в "T", возможна потеря данных
          with
          [
              T=float
          ]
d:\my_works\ochm\lab4\lab4\lab4\main.cpp(99): warning C4244: аргумент: преобразование "int" в "T", возможна потеря данных
          with
          [
              T=float
          ]
d:\my_works\ochm\lab4\lab4\lab4\main.cpp(107): warning C4244: аргумент: преобразование "double" в "T", возможна потеря данных
          with
          [
              T=float
          ]
d:\my_works\ochm\lab4\lab4\lab4\main.cpp(107): warning C4244: аргумент: преобразование "int" в "T", возможна потеря данных
          with
          [
              T=float
          ]
d:\my_works\ochm\lab4\lab4\lab4\main.cpp(108): warning C4244: аргумент: преобразование "double" в "T", возможна потеря данных
          with
          [
              T=float
          ]
d:\my_works\ochm\lab4\lab4\lab4\main.cpp(108): warning C4244: аргумент: преобразование "int" в "T", возможна потеря данных
          with
          [
              T=float
          ]
d:\my_works\ochm\lab4\lab4\lab4\main.cpp(117): warning C4244: аргумент: преобразование "int" в "T", возможна потеря данных
          with
          [
              T=float
          ]
d:\my_works\ochm\lab4\lab4\lab4\main.cpp(118): warning C4244: аргумент: преобразование "double" в "T", возможна потеря данных
          with
          [
              T=float
          ]
d:\my_works\ochm\lab4\lab4\lab4\main.cpp(118): warning C4244: аргумент: преобразование "int" в "T", возможна потеря данных
          with
          [
              T=float
          ]
  Создание кода
  76 of 79 functions (96.2%) were compiled, the rest were copied from previous compilation.
    75 functions were new in current compilation
    0 functions had inline decision re-evaluated but remain unchanged
  Создание кода завершено
  lab4.vcxproj -> D:\my_works\ochm\lab4\lab4\x64\Release\lab4.exe
